[2025-12-02T04:46:48.816+0000] {local_task_job_runner.py:123} INFO - ::group::Pre task execution logs
[2025-12-02T04:46:48.822+0000] {taskinstance.py:2603} INFO - Dependencies all met for dep_context=non-requeueable deps ti=<TaskInstance: daily_mbta_delay_etl.mbta_data_quality_check manual__2025-12-02T04:46:43.094395+00:00 [queued]>
[2025-12-02T04:46:48.824+0000] {taskinstance.py:2603} INFO - Dependencies all met for dep_context=requeueable deps ti=<TaskInstance: daily_mbta_delay_etl.mbta_data_quality_check manual__2025-12-02T04:46:43.094395+00:00 [queued]>
[2025-12-02T04:46:48.824+0000] {taskinstance.py:2856} INFO - Starting attempt 1 of 3
[2025-12-02T04:46:48.827+0000] {taskinstance.py:2879} INFO - Executing <Task(_PythonDecoratedOperator): mbta_data_quality_check> on 2025-12-02 04:46:43.094395+00:00
[2025-12-02T04:46:48.829+0000] {standard_task_runner.py:72} INFO - Started process 201 to run task
[2025-12-02T04:46:48.831+0000] {standard_task_runner.py:104} INFO - Running: ['***', 'tasks', 'run', 'daily_mbta_delay_etl', 'mbta_data_quality_check', 'manual__2025-12-02T04:46:43.094395+00:00', '--job-id', '12', '--raw', '--subdir', 'DAGS_FOLDER/daily_mbta_delay_etl.py', '--cfg-path', '/tmp/tmp3f3h96ik']
[2025-12-02T04:46:48.832+0000] {standard_task_runner.py:105} INFO - Job 12: Subtask mbta_data_quality_check
[2025-12-02T04:46:48.837+0000] {logging_mixin.py:190} WARNING - /home/***/.local/lib/python3.11/site-packages/***/settings.py:209 DeprecationWarning: The sql_alchemy_conn option in [core] has been moved to the sql_alchemy_conn option in [database] - the old setting has been used, but please update your config.
[2025-12-02T04:46:48.849+0000] {task_command.py:467} INFO - Running <TaskInstance: daily_mbta_delay_etl.mbta_data_quality_check manual__2025-12-02T04:46:43.094395+00:00 [running]> on host d62b3a9d7e94
[2025-12-02T04:46:48.874+0000] {taskinstance.py:3122} INFO - Exporting env vars: AIRFLOW_CTX_DAG_OWNER='student' AIRFLOW_CTX_DAG_ID='daily_mbta_delay_etl' AIRFLOW_CTX_TASK_ID='mbta_data_quality_check' AIRFLOW_CTX_EXECUTION_DATE='2025-12-02T04:46:43.094395+00:00' AIRFLOW_CTX_TRY_NUMBER='1' AIRFLOW_CTX_DAG_RUN_ID='manual__2025-12-02T04:46:43.094395+00:00'
[2025-12-02T04:46:48.875+0000] {taskinstance.py:731} INFO - ::endgroup::
[2025-12-02T04:46:48.876+0000] {taskinstance.py:3301} ERROR - Task failed with exception
Traceback (most recent call last):
  File "/home/airflow/.local/lib/python3.11/site-packages/airflow/models/taskinstance.py", line 767, in _execute_task
    result = _execute_callable(context=context, **execute_callable_kwargs)
             ^^^^^^^^^^^^^^^^^^^^^^^^^^^^^^^^^^^^^^^^^^^^^^^^^^^^^^^^^^^^^
  File "/home/airflow/.local/lib/python3.11/site-packages/airflow/models/taskinstance.py", line 733, in _execute_callable
    return ExecutionCallableRunner(
           ^^^^^^^^^^^^^^^^^^^^^^^^
  File "/home/airflow/.local/lib/python3.11/site-packages/airflow/utils/operator_helpers.py", line 252, in run
    return self.func(*args, **kwargs)
           ^^^^^^^^^^^^^^^^^^^^^^^^^^
  File "/home/airflow/.local/lib/python3.11/site-packages/airflow/models/baseoperator.py", line 406, in wrapper
    return func(self, *args, **kwargs)
           ^^^^^^^^^^^^^^^^^^^^^^^^^^^
  File "/home/airflow/.local/lib/python3.11/site-packages/airflow/decorators/base.py", line 266, in execute
    return_value = super().execute(context)
                   ^^^^^^^^^^^^^^^^^^^^^^^^
  File "/home/airflow/.local/lib/python3.11/site-packages/airflow/models/baseoperator.py", line 406, in wrapper
    return func(self, *args, **kwargs)
           ^^^^^^^^^^^^^^^^^^^^^^^^^^^
  File "/home/airflow/.local/lib/python3.11/site-packages/airflow/operators/python.py", line 238, in execute
    return_value = self.execute_callable()
                   ^^^^^^^^^^^^^^^^^^^^^^^
  File "/home/airflow/.local/lib/python3.11/site-packages/airflow/operators/python.py", line 256, in execute_callable
    return runner.run(*self.op_args, **self.op_kwargs)
           ^^^^^^^^^^^^^^^^^^^^^^^^^^^^^^^^^^^^^^^^^^^
  File "/home/airflow/.local/lib/python3.11/site-packages/airflow/utils/operator_helpers.py", line 252, in run
    return self.func(*args, **kwargs)
           ^^^^^^^^^^^^^^^^^^^^^^^^^^
  File "/opt/airflow/dags/daily_mbta_delay_etl.py", line 211, in mbta_data_quality_check
    raise AirflowFailException(
airflow.exceptions.AirflowFailException: No delayed trips loaded! Data quality check failed.
[2025-12-02T04:46:48.879+0000] {taskinstance.py:1225} INFO - Immediate failure requested. Marking task as FAILED. dag_id=daily_mbta_delay_etl, task_id=mbta_data_quality_check, run_id=manual__2025-12-02T04:46:43.094395+00:00, execution_date=20251202T044643, start_date=20251202T044648, end_date=20251202T044648
[2025-12-02T04:46:48.882+0000] {taskinstance.py:340} INFO - ::group::Post task execution logs
[2025-12-02T04:46:48.882+0000] {standard_task_runner.py:124} ERROR - Failed to execute job 12 for task mbta_data_quality_check (No delayed trips loaded! Data quality check failed.; 201)
Traceback (most recent call last):
  File "/home/airflow/.local/lib/python3.11/site-packages/airflow/task/task_runner/standard_task_runner.py", line 117, in _start_by_fork
    ret = args.func(args, dag=self.dag)
          ^^^^^^^^^^^^^^^^^^^^^^^^^^^^^
  File "/home/airflow/.local/lib/python3.11/site-packages/airflow/cli/cli_config.py", line 49, in command
    return func(*args, **kwargs)
           ^^^^^^^^^^^^^^^^^^^^^
  File "/home/airflow/.local/lib/python3.11/site-packages/airflow/utils/cli.py", line 115, in wrapper
    return f(*args, **kwargs)
           ^^^^^^^^^^^^^^^^^^
  File "/home/airflow/.local/lib/python3.11/site-packages/airflow/cli/commands/task_command.py", line 483, in task_run
    task_return_code = _run_task_by_selected_method(args, _dag, ti)
                       ^^^^^^^^^^^^^^^^^^^^^^^^^^^^^^^^^^^^^^^^^^^^
  File "/home/airflow/.local/lib/python3.11/site-packages/airflow/cli/commands/task_command.py", line 256, in _run_task_by_selected_method
    return _run_raw_task(args, ti)
           ^^^^^^^^^^^^^^^^^^^^^^^
  File "/home/airflow/.local/lib/python3.11/site-packages/airflow/cli/commands/task_command.py", line 341, in _run_raw_task
    return ti._run_raw_task(
           ^^^^^^^^^^^^^^^^^
  File "/home/airflow/.local/lib/python3.11/site-packages/airflow/utils/session.py", line 97, in wrapper
    return func(*args, session=session, **kwargs)
           ^^^^^^^^^^^^^^^^^^^^^^^^^^^^^^^^^^^^^^
  File "/home/airflow/.local/lib/python3.11/site-packages/airflow/models/taskinstance.py", line 2995, in _run_raw_task
    return _run_raw_task(
           ^^^^^^^^^^^^^^
  File "/home/airflow/.local/lib/python3.11/site-packages/airflow/models/taskinstance.py", line 273, in _run_raw_task
    TaskInstance._execute_task_with_callbacks(
  File "/home/airflow/.local/lib/python3.11/site-packages/airflow/models/taskinstance.py", line 3149, in _execute_task_with_callbacks
    result = self._execute_task(context, task_orig)
             ^^^^^^^^^^^^^^^^^^^^^^^^^^^^^^^^^^^^^^
  File "/home/airflow/.local/lib/python3.11/site-packages/airflow/models/taskinstance.py", line 3173, in _execute_task
    return _execute_task(self, context, task_orig)
           ^^^^^^^^^^^^^^^^^^^^^^^^^^^^^^^^^^^^^^^
  File "/home/airflow/.local/lib/python3.11/site-packages/airflow/models/taskinstance.py", line 767, in _execute_task
    result = _execute_callable(context=context, **execute_callable_kwargs)
             ^^^^^^^^^^^^^^^^^^^^^^^^^^^^^^^^^^^^^^^^^^^^^^^^^^^^^^^^^^^^^
  File "/home/airflow/.local/lib/python3.11/site-packages/airflow/models/taskinstance.py", line 733, in _execute_callable
    return ExecutionCallableRunner(
           ^^^^^^^^^^^^^^^^^^^^^^^^
  File "/home/airflow/.local/lib/python3.11/site-packages/airflow/utils/operator_helpers.py", line 252, in run
    return self.func(*args, **kwargs)
           ^^^^^^^^^^^^^^^^^^^^^^^^^^
  File "/home/airflow/.local/lib/python3.11/site-packages/airflow/models/baseoperator.py", line 406, in wrapper
    return func(self, *args, **kwargs)
           ^^^^^^^^^^^^^^^^^^^^^^^^^^^
  File "/home/airflow/.local/lib/python3.11/site-packages/airflow/decorators/base.py", line 266, in execute
    return_value = super().execute(context)
                   ^^^^^^^^^^^^^^^^^^^^^^^^
  File "/home/airflow/.local/lib/python3.11/site-packages/airflow/models/baseoperator.py", line 406, in wrapper
    return func(self, *args, **kwargs)
           ^^^^^^^^^^^^^^^^^^^^^^^^^^^
  File "/home/airflow/.local/lib/python3.11/site-packages/airflow/operators/python.py", line 238, in execute
    return_value = self.execute_callable()
                   ^^^^^^^^^^^^^^^^^^^^^^^
  File "/home/airflow/.local/lib/python3.11/site-packages/airflow/operators/python.py", line 256, in execute_callable
    return runner.run(*self.op_args, **self.op_kwargs)
           ^^^^^^^^^^^^^^^^^^^^^^^^^^^^^^^^^^^^^^^^^^^
  File "/home/airflow/.local/lib/python3.11/site-packages/airflow/utils/operator_helpers.py", line 252, in run
    return self.func(*args, **kwargs)
           ^^^^^^^^^^^^^^^^^^^^^^^^^^
  File "/opt/airflow/dags/daily_mbta_delay_etl.py", line 211, in mbta_data_quality_check
    raise AirflowFailException(
airflow.exceptions.AirflowFailException: No delayed trips loaded! Data quality check failed.
[2025-12-02T04:46:48.888+0000] {local_task_job_runner.py:261} INFO - Task exited with return code 1
[2025-12-02T04:46:48.895+0000] {taskinstance.py:3891} INFO - 0 downstream tasks scheduled from follow-on schedule check
[2025-12-02T04:46:48.896+0000] {local_task_job_runner.py:240} INFO - ::endgroup::
